<?xml version="1.0" encoding="UTF-8"?>
<!-- Generated by org.testng.reporters.JUnitReportReporter -->
<testsuite hostname="DESKTOP-PPRM0TA" failures="0" tests="1" name="SumValidation" time="1.063" errors="0" timestamp="2022-12-19T16:56:30 IST" skipped="0">
  <testcase classname="SumValidation" name="sumOfCourse" time="1.063"/>
  <system-out/>
</testsuite> <!-- SumValidation -->
