<?xml version="1.0" encoding="UTF-8"?>
<!-- Generated by org.testng.reporters.JUnitReportReporter -->
<testsuite hostname="DESKTOP-PPRM0TA" failures="0" tests="3" name="Files.DynamicJson" time="1.938" errors="0" timestamp="2022-12-20T12:11:27 IST" skipped="0">
  <testcase classname="Files.DynamicJson" name="addBook" time="0.088"/>
  <system-out/>
  <testcase classname="Files.DynamicJson" name="addBook" time="1.739"/>
  <system-out/>
  <testcase classname="Files.DynamicJson" name="addBook" time="0.111"/>
  <system-out/>
</testsuite> <!-- Files.DynamicJson -->
